[2026-07-15 11:46:55] [INFO] ========================================
[2026-07-15 11:46:55] [INFO] Procesando torrent: Blade Runner 2049 (2017) [2160p UHD BluRay REMUX HEVC TrueHD 7.1].mkv
[2026-07-15 11:46:55] [INFO] Ruta: G:\PELIS\...
[2026-07-15 11:46:55] [INFO] Tipo: PELICULA (2017)
[2026-07-15 11:46:55] [INFO] Título detectado: Blade Runner 2049
[2026-07-15 11:46:55] [INFO] Iniciando busqueda de poster para 'Blade Runner 2049' (Tipo: PELICULA)
[2026-07-15 11:46:55] [INFO] Inicializando caché...
[2026-07-15 11:46:55] [INFO] Leyendo caché persistente desde: C:\Users\grau_\Downloads\TelegramNotifier\recursos\plex_cache.json
[2026-07-15 11:46:55] [INFO] Caché cargado desde archivo: 114 títulos
[2026-07-15 11:46:55] [INFO] Búsqueda poster: título='Blade Runner 2049', RatingKey=''
[2026-07-15 11:46:55] [INFO] Poster NO encontrado en caché. Intentando API...
[2026-07-15 11:46:55] [INFO] Escaneo parcial activado: section=1 path=G:\PELIS\...
[2026-07-15 11:46:55] [INFO] Item encontrado por ruta (intento 1, puntuación 90): Blade Runner 2049
[2026-07-15 11:46:55] [INFO] Poster final seleccionado (Score: 90, Metodo: path_lookup): http://127.0.0.1:32400/library/metadata/8190/thumb/1784074249?X-Plex-Token=Yt-aqViZD-ydpysRvGyP
[2026-07-15 11:46:55] [INFO] Caché actualizado: Nuevo título 'Blade Runner 2049' agregado con RatingKey 8190, 115 títulos en total
[2026-07-15 11:46:55] [SUCCESS] Poster encontrado: http://127.0.0.1:32400/library/metadata/8190/thumb/1784074249?X-Plex-Token=Yt-aqViZD-ydpysRvGyP
[2026-07-15 11:46:58] [SUCCESS] Notificación Telegram enviada (con poster)
[2026-07-15 11:46:58] [INFO] ========================================
[2026-07-15 11:51:13] [INFO] ========================================
[2026-07-15 11:51:13] [INFO] Procesando torrent: Blade Runner 2049 (2017) [2160p UHD BluRay REMUX HEVC TrueHD 7.1].mkv
[2026-07-15 11:51:13] [INFO] Ruta: G:\PELIS\...
[2026-07-15 11:51:13] [INFO] Tipo: PELICULA (2017)
[2026-07-15 11:51:13] [INFO] Título detectado: Blade Runner 2049
[2026-07-15 11:51:13] [INFO] Iniciando busqueda de poster para 'Blade Runner 2049' (Tipo: PELICULA)
[2026-07-15 11:51:13] [INFO] Inicializando caché...
[2026-07-15 11:51:13] [INFO] Leyendo caché persistente desde: C:\Users\grau_\Downloads\TelegramNotifier\recursos\plex_cache.json
[2026-07-15 11:51:13] [INFO] Caché cargado desde archivo: 115 títulos
[2026-07-15 11:51:13] [INFO] Búsqueda poster: título='Blade Runner 2049', RatingKey='8190'
[2026-07-15 11:51:13] [INFO] Poster encontrado en caché (método: cache_ratingkey_exact, score: 100%)
[2026-07-15 11:51:13] [SUCCESS] Poster encontrado: http://127.0.0.1:32400/library/metadata/8190/thumb/1784074249?X-Plex-Token=Yt-aqViZD-ydpysRvGyP
[2026-07-15 11:51:15] [SUCCESS] Notificación Telegram enviada (con poster)
[2026-07-15 11:51:15] [INFO] ========================================
[2026-07-15 12:01:21] [INFO] ========================================
[2026-07-15 12:01:21] [INFO] Procesando torrent: Blade Runner 2049 (2017) [2160p UHD BluRay REMUX HEVC TrueHD 7.1].mkv
[2026-07-15 12:01:21] [INFO] Ruta: G:\PELIS\Blade Runner 2049 (2017) [2160p UHD BluRay REMUX HEVC TrueHD 7.1].mkv
[2026-07-15 12:01:21] [INFO] Tipo: PELICULA (2017)
[2026-07-15 12:01:21] [INFO] Título detectado: Blade Runner 2049
[2026-07-15 12:01:21] [INFO] Iniciando busqueda de poster para 'Blade Runner 2049' (Tipo: PELICULA)
[2026-07-15 12:01:21] [INFO] Inicializando caché...
[2026-07-15 12:01:21] [INFO] Leyendo caché persistente desde: C:\Users\grau_\Downloads\TelegramNotifier\recursos\plex_cache.json
[2026-07-15 12:01:21] [INFO] Caché cargado desde archivo: 115 títulos
[2026-07-15 12:01:21] [INFO] Búsqueda poster: título='Blade Runner 2049', RatingKey='8190'
[2026-07-15 12:01:21] [INFO] Poster encontrado en caché (método: cache_ratingkey_exact, score: 100%)
[2026-07-15 12:01:21] [SUCCESS] Poster encontrado: http://127.0.0.1:32400/library/metadata/8190/thumb/1784074249?X-Plex-Token=Yt-aqViZD-ydpysRvGyP
[2026-07-15 12:01:23] [SUCCESS] Notificación Telegram enviada (con poster)
[2026-07-15 12:01:23] [INFO] ========================================
[2026-07-15 12:04:06] [INFO] ========================================
[2026-07-15 12:04:06] [INFO] Procesando torrent: Blade Runner 2049 (2017) [Remastered 4K][Remastered 2160p HEVC SDR-RAW ES DTS-HD 7.1 EN TrueHD 7.1.4 Atmos Subs]HDO.mkv
[2026-07-15 12:04:06] [INFO] Ruta: G:\PELIS\Blade Runner 2049 (2017) [Remastered 4K][Remastered 2160p HEVC SDR-RAW ES DTS-HD 7.1 EN TrueHD 7.1.4 Atmos Subs]HDO.mkv
[2026-07-15 12:04:06] [INFO] Tipo: PELICULA (2017)
[2026-07-15 12:04:06] [INFO] Título detectado: Blade Runner 2049
[2026-07-15 12:04:06] [INFO] Iniciando busqueda de poster para 'Blade Runner 2049' (Tipo: PELICULA)
[2026-07-15 12:04:06] [INFO] Inicializando caché...
[2026-07-15 12:04:06] [INFO] Leyendo caché persistente desde: C:\Users\grau_\Downloads\TelegramNotifier\recursos\plex_cache.json
[2026-07-15 12:04:06] [INFO] Caché cargado desde archivo: 115 títulos
[2026-07-15 12:04:06] [INFO] Búsqueda poster: título='Blade Runner 2049', RatingKey='8190'
[2026-07-15 12:04:06] [INFO] Poster encontrado en caché (método: cache_ratingkey_exact, score: 100%)
[2026-07-15 12:04:06] [SUCCESS] Poster encontrado: http://127.0.0.1:32400/library/metadata/8190/thumb/1784074249?X-Plex-Token=Yt-aqViZD-ydpysRvGyP
[2026-07-15 12:04:09] [SUCCESS] Notificación Telegram enviada (con poster)
[2026-07-15 12:04:09] [INFO] ========================================
[2026-07-15 12:16:52] [INFO] ========================================
[2026-07-15 12:16:52] [INFO] Procesando torrent: Blade Runner 2049 (2017) [Audio Editado][Open Matte-Hybrid][Remaster HDR 2160p HEVC DV-HDR10+ ES TrueHD Atmos 7.1][GSA][HDO].mkv
[2026-07-15 12:16:52] [INFO] Ruta: G:\PELIS\Blade Runner 2049 (2017) [Audio Editado][Open Matte-Hybrid][Remaster HDR 2160p HEVC DV-HDR10+ ES TrueHD Atmos 7.1][GSA][HDO].mkv
[2026-07-15 12:16:52] [INFO] Tipo: PELICULA (2017)
[2026-07-15 12:16:52] [INFO] Título detectado: Blade Runner 2049
[2026-07-15 12:16:52] [INFO] Iniciando busqueda de poster para 'Blade Runner 2049' (Tipo: PELICULA)
[2026-07-15 12:16:52] [INFO] Inicializando caché...
[2026-07-15 12:16:52] [INFO] Leyendo caché persistente desde: C:\Users\grau_\Downloads\TelegramNotifier\recursos\plex_cache.json
[2026-07-15 12:16:53] [INFO] Caché cargado desde archivo: 114 títulos
[2026-07-15 12:16:53] [INFO] Búsqueda poster: título='Blade Runner 2049', RatingKey=''
[2026-07-15 12:16:53] [INFO] Poster NO encontrado en caché. Intentando API...
[2026-07-15 12:16:53] [INFO] Escaneo parcial activado: section=1 path=G:\PELIS\Blade Runner 2049 (2017) [Audio Editado][Open Matte-Hybrid][Remaster HDR 2160p HEVC DV-HDR10+ ES TrueHD Atmos 7.1][GSA][HDO].mkv
[2026-07-15 12:16:53] [INFO] Item encontrado por ruta (intento 1, puntuación 90): Blade Runner 2049
[2026-07-15 12:16:53] [INFO] Poster final seleccionado (Score: 90, Metodo: path_lookup): http://127.0.0.1:32400/library/metadata/8190/thumb/1784074249?X-Plex-Token=Yt-aqViZD-ydpysRvGyP
[2026-07-15 12:16:53] [INFO] Caché actualizado: Nuevo título 'Blade Runner 2049' agregado con RatingKey 8190, 115 títulos en total
[2026-07-15 12:16:53] [SUCCESS] Poster encontrado: http://127.0.0.1:32400/library/metadata/8190/thumb/1784074249?X-Plex-Token=Yt-aqViZD-ydpysRvGyP
[2026-07-15 12:16:55] [SUCCESS] Notificación Telegram enviada (con poster)
[2026-07-15 12:16:55] [INFO] ========================================
[2026-07-15 12:31:47] [INFO] ========================================
[2026-07-15 12:31:47] [INFO] Procesando torrent: Blade Runner 2049 (2017) [Remastered 4K][Remastered 2160p HEVC SDR-RAW ES DTS-HD 7.1 EN TrueHD 7.1.4 Atmos Subs]HDO.mkv
[2026-07-15 12:31:47] [INFO] Ruta: G:\PELIS\Blade Runner 2049 (2017) [Remastered 4K][Remastered 2160p HEVC SDR-RAW ES DTS-HD 7.1 EN TrueHD 7.1.4 Atmos Subs]HDO.mkv
[2026-07-15 12:31:47] [INFO] Tipo: PELICULA (2017)
[2026-07-15 12:31:47] [INFO] Título detectado: Blade Runner 2049
[2026-07-15 12:31:47] [INFO] Iniciando busqueda de poster para 'Blade Runner 2049' (Tipo: PELICULA)
[2026-07-15 12:31:47] [INFO] Inicializando caché...
[2026-07-15 12:31:47] [INFO] Leyendo caché persistente desde: C:\Users\grau_\Downloads\TelegramNotifier\recursos\plex_cache.json
[2026-07-15 12:31:47] [INFO] Caché cargado desde archivo: 115 títulos
[2026-07-15 12:31:47] [INFO] Búsqueda poster: título='Blade Runner 2049', RatingKey='8190'
[2026-07-15 12:31:47] [INFO] Poster encontrado en caché (método: cache_ratingkey_exact, score: 100%)
[2026-07-15 12:31:47] [SUCCESS] Poster encontrado: http://127.0.0.1:32400/library/metadata/8190/thumb/1784074249?X-Plex-Token=Yt-aqViZD-ydpysRvGyP
[2026-07-15 12:31:49] [SUCCESS] Notificación Telegram enviada (con poster)
[2026-07-15 12:31:49] [INFO] ========================================
[2026-07-15 16:14:54] [INFO] ========================================
[2026-07-15 16:14:54] [INFO] Procesando torrent: La Casa Del Dragon S03E04 2160p HMAX WEB-DL H.265 ESP-ENG DDP 5.1 SUBS.mkv
[2026-07-15 16:14:54] [INFO] Ruta: G:\SERIES\LA_CASA_DEL_DRAGON\La Casa Del Dragon S03E04 2160p HMAX WEB-DL H.265 ESP-ENG DDP 5.1 SUBS.mkv
[2026-07-15 16:14:54] [INFO] Tipo: EPISODIO (S03E04)
[2026-07-15 16:14:54] [INFO] Título detectado: La Casa Del Dragon
[2026-07-15 16:14:54] [INFO] Iniciando busqueda de poster para 'La Casa Del Dragon' (Tipo: EPISODIO)
[2026-07-15 16:14:54] [INFO] Inicializando caché...
[2026-07-15 16:14:54] [INFO] Leyendo caché persistente desde: C:\Users\grau_\Downloads\TelegramNotifier\recursos\plex_cache.json
[2026-07-15 16:14:54] [INFO] Caché cargado desde archivo: 115 títulos
[2026-07-15 16:14:54] [INFO] Búsqueda poster: título='La Casa Del Dragon', RatingKey='8103'
[2026-07-15 16:14:54] [INFO] Poster encontrado en caché (método: cache_ratingkey_exact, score: 100%)
[2026-07-15 16:14:54] [SUCCESS] Poster encontrado: http://127.0.0.1:32400/library/metadata/8103/thumb/1782873897?X-Plex-Token=Yt-aqViZD-ydpysRvGyP
[2026-07-15 16:14:56] [SUCCESS] Notificación Telegram enviada (con poster)
[2026-07-15 16:14:56] [INFO] ========================================
[2026-07-15 16:16:18] [INFO] ========================================
[2026-07-15 16:16:18] [INFO] Procesando torrent: La Casa del Dragon (2022) S03E04 [AMZN WEB-DL 2160p HEVC DV-HDR10 ES DD+ 5.1 Atmos Subs][HDO].mkv
[2026-07-15 16:16:18] [INFO] Ruta: G:\SERIES\LA_CASA_DEL_DRAGON\La Casa del Dragon (2022) S03E04 [AMZN WEB-DL 2160p HEVC DV-HDR10 ES DD+ 5.1 Atmos Subs][HDO].mkv
[2026-07-15 16:16:18] [INFO] Tipo: EPISODIO (S03E04)
[2026-07-15 16:16:18] [INFO] Título detectado: La Casa Del Dragon (2022)
[2026-07-15 16:16:18] [INFO] Iniciando busqueda de poster para 'La Casa Del Dragon (2022)' (Tipo: EPISODIO)
[2026-07-15 16:16:18] [INFO] Inicializando caché...
[2026-07-15 16:16:18] [INFO] Leyendo caché persistente desde: C:\Users\grau_\Downloads\TelegramNotifier\recursos\plex_cache.json
[2026-07-15 16:16:18] [INFO] Caché cargado desde archivo: 115 títulos
[2026-07-15 16:16:18] [INFO] Búsqueda poster: título='La Casa Del Dragon', RatingKey='8103'
[2026-07-15 16:16:18] [INFO] Poster encontrado en caché (método: cache_ratingkey_exact, score: 100%)
[2026-07-15 16:16:18] [SUCCESS] Poster encontrado: http://127.0.0.1:32400/library/metadata/8103/thumb/1782873897?X-Plex-Token=Yt-aqViZD-ydpysRvGyP
[2026-07-15 16:16:20] [SUCCESS] Notificación Telegram enviada (con poster)
[2026-07-15 16:16:20] [INFO] ========================================
[2026-07-15 16:22:33] [INFO] ========================================
[2026-07-15 16:22:33] [INFO] Procesando torrent: La Casa del Dragon (2026) S03E01 [AMZN WEB-DL 2160p HEVC DV-HDR10 ES DD+ 5.1 Atmos Subs][HDO].mkv
[2026-07-15 16:22:33] [INFO] Ruta: G:\SERIES\LA_CASA_DEL_DRAGON\La Casa del Dragon (2026) S03E01 [AMZN WEB-DL 2160p HEVC DV-HDR10 ES DD+ 5.1 Atmos Subs][HDO].mkv
[2026-07-15 16:22:33] [INFO] Tipo: EPISODIO (S03E01)
[2026-07-15 16:22:33] [INFO] Título detectado: La Casa Del Dragon (2026)
[2026-07-15 16:22:33] [INFO] Iniciando busqueda de poster para 'La Casa Del Dragon (2026)' (Tipo: EPISODIO)
[2026-07-15 16:22:33] [INFO] Inicializando caché...
[2026-07-15 16:22:33] [INFO] Leyendo caché persistente desde: C:\Users\grau_\Downloads\TelegramNotifier\recursos\plex_cache.json
[2026-07-15 16:22:34] [INFO] Caché cargado desde archivo: 115 títulos
[2026-07-15 16:22:34] [INFO] Búsqueda poster: título='La Casa Del Dragon', RatingKey='8103'
[2026-07-15 16:22:34] [INFO] Poster encontrado en caché (método: cache_ratingkey_exact, score: 100%)
[2026-07-15 16:22:34] [SUCCESS] Poster encontrado: http://127.0.0.1:32400/library/metadata/8103/thumb/1782873897?X-Plex-Token=Yt-aqViZD-ydpysRvGyP
[2026-07-15 16:22:36] [ERROR] Error enviando Telegram: No es posible conectar con el servidor remoto
[2026-07-15 16:22:36] [INFO] ========================================
[2026-07-15 16:26:21] [INFO] ========================================
[2026-07-15 16:26:21] [INFO] Procesando torrent: La Casa del Dragon (2026) S03E02 [AMZN WEB-DL 2160p HEVC DV-HDR10 ES DD+ 5.1 Atmos Subs][HDO].mkv
[2026-07-15 16:26:21] [INFO] Ruta: G:\SERIES\LA_CASA_DEL_DRAGON\La Casa del Dragon (2026) S03E02 [AMZN WEB-DL 2160p HEVC DV-HDR10 ES DD+ 5.1 Atmos Subs][HDO].mkv
[2026-07-15 16:26:22] [INFO] Tipo: EPISODIO (S03E02)
[2026-07-15 16:26:22] [INFO] Título detectado: La Casa Del Dragon (2026)
[2026-07-15 16:26:22] [INFO] Iniciando busqueda de poster para 'La Casa Del Dragon (2026)' (Tipo: EPISODIO)
[2026-07-15 16:26:22] [INFO] Inicializando caché...
[2026-07-15 16:26:22] [INFO] Leyendo caché persistente desde: C:\Users\grau_\Downloads\TelegramNotifier\recursos\plex_cache.json
[2026-07-15 16:26:22] [INFO] Caché cargado desde archivo: 115 títulos
[2026-07-15 16:26:22] [INFO] Búsqueda poster: título='La Casa Del Dragon', RatingKey='8103'
[2026-07-15 16:26:22] [INFO] Poster encontrado en caché (método: cache_ratingkey_exact, score: 100%)
[2026-07-15 16:26:22] [SUCCESS] Poster encontrado: http://127.0.0.1:32400/library/metadata/8103/thumb/1782873897?X-Plex-Token=Yt-aqViZD-ydpysRvGyP
[2026-07-15 16:26:24] [ERROR] Error enviando Telegram: No es posible conectar con el servidor remoto
[2026-07-15 16:26:24] [INFO] ========================================
[2026-07-15 16:30:08] [INFO] ========================================
[2026-07-15 16:30:08] [INFO] Procesando torrent: La Casa del Dragon (2022) S03E03 [AMZN WEB-DL 2160p HEVC DV-HDR10 ES DD+ 5.1 Atmos Subs][HDO].mkv
[2026-07-15 16:30:08] [INFO] Ruta: G:\SERIES\LA_CASA_DEL_DRAGON\La Casa del Dragon (2022) S03E03 [AMZN WEB-DL 2160p HEVC DV-HDR10 ES DD+ 5.1 Atmos Subs][HDO].mkv
[2026-07-15 16:30:08] [INFO] Tipo: EPISODIO (S03E03)
[2026-07-15 16:30:08] [INFO] Título detectado: La Casa Del Dragon (2022)
[2026-07-15 16:30:08] [INFO] Iniciando busqueda de poster para 'La Casa Del Dragon (2022)' (Tipo: EPISODIO)
[2026-07-15 16:30:08] [INFO] Inicializando caché...
[2026-07-15 16:30:08] [INFO] Leyendo caché persistente desde: C:\Users\grau_\Downloads\TelegramNotifier\recursos\plex_cache.json
[2026-07-15 16:30:08] [INFO] Caché cargado desde archivo: 115 títulos
[2026-07-15 16:30:08] [INFO] Búsqueda poster: título='La Casa Del Dragon', RatingKey='8103'
[2026-07-15 16:30:08] [INFO] Poster encontrado en caché (método: cache_ratingkey_exact, score: 100%)
[2026-07-15 16:30:08] [SUCCESS] Poster encontrado: http://127.0.0.1:32400/library/metadata/8103/thumb/1782873897?X-Plex-Token=Yt-aqViZD-ydpysRvGyP
[2026-07-15 16:30:10] [SUCCESS] Notificación Telegram enviada (con poster)
[2026-07-15 16:30:10] [INFO] ========================================
